2025-04-22 19:24:11,533 [Worker-0: Loading available Gradle versions] INFO  o.e.b.c.i.u.g.PublishedGradleVersions - Gradle version information cache is up-to-date. Trying to read.
2025-04-22 19:39:07,506 [Worker-15: https://www.codetogether.com/updates/ci/compositeContent.jar] WARN  o.a.h.c.h.p.ResponseProcessCookies - ex-0000000006 Cookie rejected [_cfuvid="RSeHE82mfJTO4.k1GDgOnhJpbBbXH44iLLCyf1ItL_U-1745318347515-0.0.1.1-604800000", domain:cdn.webflow.com, path:/, expiry:null] Illegal 'domain' attribute "cdn.webflow.com". Domain of origin: "www.codetogether.com"
2025-04-22 19:46:39,527 [Worker-29: Periodic workspace save.] ERROR o.e.m.c.i.p.r.ProjectRegistryReader - Can't write workspace state
java.io.FileNotFoundException: C:\workspace\issueTest\.metadata\.plugins\org.eclipse.m2e.core\workspaceState.ser (지정된 경로를 찾을 수 없습니다)
	at java.base/java.io.FileOutputStream.open0(Native Method)
	at java.base/java.io.FileOutputStream.open(FileOutputStream.java:293)
	at java.base/java.io.FileOutputStream.<init>(FileOutputStream.java:235)
	at java.base/java.io.FileOutputStream.<init>(FileOutputStream.java:184)
	at org.eclipse.m2e.core.internal.project.registry.ProjectRegistryReader.createObjectOutputStream(ProjectRegistryReader.java:137)
	at org.eclipse.m2e.core.internal.project.registry.ProjectRegistryReader.writeWorkspaceState(ProjectRegistryReader.java:127)
	at org.eclipse.m2e.core.internal.project.registry.ProjectRegistryManager.writeWorkspaceState(ProjectRegistryManager.java:977)
	at org.eclipse.m2e.core.internal.MavenPluginActivator$1.saving(MavenPluginActivator.java:142)
	at org.eclipse.core.internal.resources.SaveManager.executeLifecycle(SaveManager.java:387)
	at org.eclipse.core.internal.resources.SaveManager$1.run(SaveManager.java:204)
	at org.eclipse.core.runtime.SafeRunner.run(SafeRunner.java:45)
	at org.eclipse.core.internal.resources.SaveManager.broadcastLifecycle(SaveManager.java:207)
	at org.eclipse.core.internal.resources.SaveManager.save(SaveManager.java:1164)
	at org.eclipse.core.internal.resources.SaveManager.save(SaveManager.java:1143)
	at org.eclipse.core.internal.resources.DelayedSnapshotJob.run(DelayedSnapshotJob.java:55)
	at org.eclipse.core.internal.jobs.Worker.run(Worker.java:63)
